{"/Applications/XAMPP/xamppfiles/htdocs/Cursos/react/APIS/API-Administrador-de-productos/src/router.ts": {"path":"/Applications/XAMPP/xamppfiles/htdocs/Cursos/react/APIS/API-Administrador-de-productos/src/router.ts","statementMap":{"0":{"start":{"line":1,"column":0},"end":{"line":1,"column":33}},"1":{"start":{"line":2,"column":0},"end":{"line":2,"column":48}},"2":{"start":{"line":3,"column":0},"end":{"line":3,"column":null}},"3":{"start":{"line":11,"column":0},"end":{"line":11,"column":49}},"4":{"start":{"line":13,"column":15},"end":{"line":13,"column":23}},"5":{"start":{"line":16,"column":0},"end":{"line":16,"column":29}},"6":{"start":{"line":18,"column":0},"end":{"line":24,"column":2}},"7":{"start":{"line":27,"column":0},"end":{"line":51,"column":2}},"8":{"start":{"line":41,"column":23},"end":{"line":41,"column":32}},"9":{"start":{"line":53,"column":0},"end":{"line":72,"column":2}},"10":{"start":{"line":65,"column":23},"end":{"line":65,"column":32}},"11":{"start":{"line":74,"column":0},"end":{"line":79,"column":2}},"12":{"start":{"line":81,"column":0},"end":{"line":86,"column":2}},"13":{"start":{"line":88,"column":0},"end":{"line":88,"column":22}}},"fnMap":{"0":{"name":"(anonymous_0)","decl":{"start":{"line":41,"column":12},"end":{"line":41,"column":13}},"loc":{"start":{"line":41,"column":23},"end":{"line":41,"column":32}}},"1":{"name":"(anonymous_1)","decl":{"start":{"line":65,"column":12},"end":{"line":65,"column":13}},"loc":{"start":{"line":65,"column":23},"end":{"line":65,"column":32}}}},"branchMap":{},"s":{"0":2,"1":2,"2":2,"3":2,"4":2,"5":2,"6":2,"7":2,"8":4,"9":2,"10":5,"11":2,"12":2,"13":2},"f":{"0":4,"1":5},"b":{}}
,"/Applications/XAMPP/xamppfiles/htdocs/Cursos/react/APIS/API-Administrador-de-productos/src/server.ts": {"path":"/Applications/XAMPP/xamppfiles/htdocs/Cursos/react/APIS/API-Administrador-de-productos/src/server.ts","statementMap":{"0":{"start":{"line":7,"column":0},"end":{"line":7,"column":7}},"1":{"start":{"line":1,"column":0},"end":{"line":1,"column":30}},"2":{"start":{"line":2,"column":0},"end":{"line":2,"column":28}},"3":{"start":{"line":3,"column":0},"end":{"line":3,"column":30}},"4":{"start":{"line":4,"column":0},"end":{"line":4,"column":29}},"5":{"start":{"line":8,"column":2},"end":{"line":15,"column":3}},"6":{"start":{"line":9,"column":4},"end":{"line":9,"column":28}},"7":{"start":{"line":10,"column":4},"end":{"line":10,"column":14}},"8":{"start":{"line":14,"column":4},"end":{"line":14,"column":70}},"9":{"start":{"line":17,"column":0},"end":{"line":17,"column":12}},"10":{"start":{"line":20,"column":15},"end":{"line":20,"column":24}},"11":{"start":{"line":23,"column":0},"end":{"line":23,"column":27}},"12":{"start":{"line":26,"column":0},"end":{"line":26,"column":36}},"13":{"start":{"line":28,"column":0},"end":{"line":30,"column":3}},"14":{"start":{"line":29,"column":2},"end":{"line":29,"column":33}},"15":{"start":{"line":32,"column":0},"end":{"line":32,"column":22}}},"fnMap":{"0":{"name":"connectDB","decl":{"start":{"line":7,"column":22},"end":{"line":7,"column":31}},"loc":{"start":{"line":7,"column":31},"end":{"line":16,"column":1}}},"1":{"name":"(anonymous_2)","decl":{"start":{"line":28,"column":19},"end":{"line":28,"column":20}},"loc":{"start":{"line":28,"column":32},"end":{"line":30,"column":1}}}},"branchMap":{},"s":{"0":2,"1":2,"2":2,"3":2,"4":2,"5":3,"6":3,"7":2,"8":1,"9":2,"10":2,"11":2,"12":2,"13":2,"14":1,"15":2},"f":{"0":3,"1":1},"b":{}}
,"/Applications/XAMPP/xamppfiles/htdocs/Cursos/react/APIS/API-Administrador-de-productos/src/config/db.ts": {"path":"/Applications/XAMPP/xamppfiles/htdocs/Cursos/react/APIS/API-Administrador-de-productos/src/config/db.ts","statementMap":{"0":{"start":{"line":1,"column":0},"end":{"line":1,"column":48}},"1":{"start":{"line":2,"column":0},"end":{"line":2,"column":27}},"2":{"start":{"line":4,"column":0},"end":{"line":4,"column":16}},"3":{"start":{"line":24,"column":11},"end":{"line":27,"column":2}},"4":{"start":{"line":29,"column":0},"end":{"line":29,"column":18}}},"fnMap":{},"branchMap":{},"s":{"0":2,"1":2,"2":2,"3":2,"4":2},"f":{},"b":{}}
,"/Applications/XAMPP/xamppfiles/htdocs/Cursos/react/APIS/API-Administrador-de-productos/src/handlers/product.ts": {"path":"/Applications/XAMPP/xamppfiles/htdocs/Cursos/react/APIS/API-Administrador-de-productos/src/handlers/product.ts","statementMap":{"0":{"start":{"line":2,"column":0},"end":{"line":2,"column":46}},"1":{"start":{"line":6,"column":27},"end":{"line":14,"column":1}},"2":{"start":{"line":7,"column":21},"end":{"line":12,"column":6}},"3":{"start":{"line":13,"column":4},"end":{"line":13,"column":31}},"4":{"start":{"line":6,"column":13},"end":{"line":6,"column":27}},"5":{"start":{"line":16,"column":30},"end":{"line":30,"column":1}},"6":{"start":{"line":18,"column":19},"end":{"line":18,"column":29}},"7":{"start":{"line":19,"column":20},"end":{"line":19,"column":46}},"8":{"start":{"line":21,"column":4},"end":{"line":25,"column":5}},"9":{"start":{"line":22,"column":8},"end":{"line":24,"column":null}},"10":{"start":{"line":27,"column":4},"end":{"line":29,"column":null}},"11":{"start":{"line":16,"column":13},"end":{"line":16,"column":30}},"12":{"start":{"line":32,"column":29},"end":{"line":70,"column":1}},"13":{"start":{"line":67,"column":20},"end":{"line":67,"column":50}},"14":{"start":{"line":69,"column":4},"end":{"line":69,"column":44}},"15":{"start":{"line":32,"column":13},"end":{"line":32,"column":29}},"16":{"start":{"line":98,"column":29},"end":{"line":120,"column":1}},"17":{"start":{"line":101,"column":17},"end":{"line":101,"column":27}},"18":{"start":{"line":102,"column":20},"end":{"line":102,"column":46}},"19":{"start":{"line":104,"column":4},"end":{"line":108,"column":5}},"20":{"start":{"line":105,"column":8},"end":{"line":107,"column":null}},"21":{"start":{"line":112,"column":4},"end":{"line":112,"column":35}},"22":{"start":{"line":117,"column":4},"end":{"line":117,"column":null}},"23":{"start":{"line":119,"column":4},"end":{"line":119,"column":null}},"24":{"start":{"line":98,"column":13},"end":{"line":98,"column":29}},"25":{"start":{"line":125,"column":34},"end":{"line":141,"column":1}},"26":{"start":{"line":126,"column":17},"end":{"line":126,"column":27}},"27":{"start":{"line":127,"column":20},"end":{"line":127,"column":46}},"28":{"start":{"line":129,"column":4},"end":{"line":133,"column":5}},"29":{"start":{"line":130,"column":8},"end":{"line":132,"column":null}},"30":{"start":{"line":137,"column":4},"end":{"line":137,"column":60}},"31":{"start":{"line":138,"column":4},"end":{"line":138,"column":null}},"32":{"start":{"line":140,"column":4},"end":{"line":140,"column":null}},"33":{"start":{"line":125,"column":13},"end":{"line":125,"column":34}},"34":{"start":{"line":145,"column":29},"end":{"line":157,"column":1}},"35":{"start":{"line":146,"column":17},"end":{"line":146,"column":27}},"36":{"start":{"line":147,"column":20},"end":{"line":147,"column":46}},"37":{"start":{"line":149,"column":4},"end":{"line":153,"column":5}},"38":{"start":{"line":150,"column":8},"end":{"line":152,"column":null}},"39":{"start":{"line":155,"column":4},"end":{"line":155,"column":28}},"40":{"start":{"line":156,"column":4},"end":{"line":156,"column":43}},"41":{"start":{"line":145,"column":13},"end":{"line":145,"column":29}}},"fnMap":{"0":{"name":"(anonymous_1)","decl":{"start":{"line":6,"column":27},"end":{"line":6,"column":32}},"loc":{"start":{"line":6,"column":65},"end":{"line":14,"column":1}}},"1":{"name":"(anonymous_2)","decl":{"start":{"line":16,"column":30},"end":{"line":16,"column":35}},"loc":{"start":{"line":16,"column":68},"end":{"line":30,"column":1}}},"2":{"name":"(anonymous_3)","decl":{"start":{"line":32,"column":29},"end":{"line":32,"column":34}},"loc":{"start":{"line":32,"column":67},"end":{"line":70,"column":1}}},"3":{"name":"(anonymous_4)","decl":{"start":{"line":98,"column":29},"end":{"line":98,"column":34}},"loc":{"start":{"line":98,"column":67},"end":{"line":120,"column":1}}},"4":{"name":"(anonymous_5)","decl":{"start":{"line":125,"column":34},"end":{"line":125,"column":39}},"loc":{"start":{"line":125,"column":72},"end":{"line":141,"column":1}}},"5":{"name":"(anonymous_6)","decl":{"start":{"line":145,"column":29},"end":{"line":145,"column":34}},"loc":{"start":{"line":145,"column":67},"end":{"line":157,"column":1}}}},"branchMap":{"0":{"loc":{"start":{"line":21,"column":4},"end":{"line":25,"column":5}},"type":"if","locations":[{"start":{"line":21,"column":4},"end":{"line":25,"column":5}},{"start":{},"end":{}}]},"1":{"loc":{"start":{"line":104,"column":4},"end":{"line":108,"column":5}},"type":"if","locations":[{"start":{"line":104,"column":4},"end":{"line":108,"column":5}},{"start":{},"end":{}}]},"2":{"loc":{"start":{"line":129,"column":4},"end":{"line":133,"column":5}},"type":"if","locations":[{"start":{"line":129,"column":4},"end":{"line":133,"column":5}},{"start":{},"end":{}}]},"3":{"loc":{"start":{"line":149,"column":4},"end":{"line":153,"column":5}},"type":"if","locations":[{"start":{"line":149,"column":4},"end":{"line":153,"column":5}},{"start":{},"end":{}}]}},"s":{"0":2,"1":2,"2":2,"3":2,"4":2,"5":2,"6":2,"7":2,"8":2,"9":1,"10":1,"11":2,"12":2,"13":1,"14":1,"15":2,"16":2,"17":2,"18":2,"19":2,"20":1,"21":1,"22":1,"23":1,"24":2,"25":2,"26":2,"27":2,"28":2,"29":1,"30":1,"31":1,"32":1,"33":2,"34":2,"35":2,"36":2,"37":2,"38":1,"39":1,"40":1,"41":2},"f":{"0":2,"1":2,"2":1,"3":2,"4":2,"5":2},"b":{"0":[1,1],"1":[1,1],"2":[1,1],"3":[1,1]}}
,"/Applications/XAMPP/xamppfiles/htdocs/Cursos/react/APIS/API-Administrador-de-productos/src/middleware/index.ts": {"path":"/Applications/XAMPP/xamppfiles/htdocs/Cursos/react/APIS/API-Administrador-de-productos/src/middleware/index.ts","statementMap":{"0":{"start":{"line":18,"column":0},"end":{"line":18,"column":53}},"1":{"start":{"line":20,"column":33},"end":{"line":29,"column":1}},"2":{"start":{"line":22,"column":17},"end":{"line":22,"column":38}},"3":{"start":{"line":23,"column":4},"end":{"line":25,"column":5}},"4":{"start":{"line":24,"column":6},"end":{"line":24,"column":62}},"5":{"start":{"line":28,"column":4},"end":{"line":28,"column":11}},"6":{"start":{"line":20,"column":13},"end":{"line":20,"column":33}}},"fnMap":{"0":{"name":"(anonymous_0)","decl":{"start":{"line":20,"column":33},"end":{"line":20,"column":34}},"loc":{"start":{"line":20,"column":85},"end":{"line":29,"column":1}}}},"branchMap":{"0":{"loc":{"start":{"line":23,"column":4},"end":{"line":25,"column":5}},"type":"if","locations":[{"start":{"line":23,"column":4},"end":{"line":25,"column":5}},{"start":{},"end":{}}]}},"s":{"0":2,"1":2,"2":17,"3":17,"4":8,"5":9,"6":2},"f":{"0":17},"b":{"0":[8,9]}}
,"/Applications/XAMPP/xamppfiles/htdocs/Cursos/react/APIS/API-Administrador-de-productos/src/models/Product.model.ts": {"path":"/Applications/XAMPP/xamppfiles/htdocs/Cursos/react/APIS/API-Administrador-de-productos/src/models/Product.model.ts","statementMap":{"0":{"start":{"line":6,"column":0},"end":{"line":6,"column":77}},"1":{"start":{"line":13,"column":0},"end":{"line":29,"column":null}},"2":{"start":{"line":17,"column":12},"end":{"line":17,"column":null}},"3":{"start":{"line":22,"column":12},"end":{"line":22,"column":null}},"4":{"start":{"line":28,"column":12},"end":{"line":28,"column":null}},"5":{"start":{"line":13,"column":6},"end":{"line":29,"column":null}},"6":{"start":{"line":31,"column":0},"end":{"line":31,"column":23}}},"fnMap":{},"branchMap":{},"s":{"0":3,"1":3,"2":3,"3":3,"4":3,"5":3,"6":3},"f":{},"b":{}}
}
