TN:
SF:src/router.ts
FN:41,(anonymous_0)
FN:65,(anonymous_1)
FNF:2
FNH:2
FNDA:4,(anonymous_0)
FNDA:5,(anonymous_1)
DA:1,2
DA:2,2
DA:3,2
DA:11,2
DA:13,2
DA:16,2
DA:18,2
DA:27,2
DA:41,4
DA:53,2
DA:65,5
DA:74,2
DA:81,2
DA:88,2
LF:14
LH:14
BRF:0
BRH:0
end_of_record
TN:
SF:src/server.ts
FN:7,connectDB
FN:28,(anonymous_2)
FNF:2
FNH:2
FNDA:3,connectDB
FNDA:1,(anonymous_2)
DA:1,2
DA:2,2
DA:3,2
DA:4,2
DA:7,2
DA:8,3
DA:9,3
DA:10,2
DA:14,1
DA:17,2
DA:20,2
DA:23,2
DA:26,2
DA:28,2
DA:29,1
DA:32,2
LF:16
LH:16
BRF:0
BRH:0
end_of_record
TN:
SF:src/config/db.ts
FNF:0
FNH:0
DA:1,2
DA:2,2
DA:4,2
DA:24,2
DA:29,2
LF:5
LH:5
BRF:0
BRH:0
end_of_record
TN:
SF:src/handlers/product.ts
FN:6,(anonymous_1)
FN:16,(anonymous_2)
FN:32,(anonymous_3)
FN:98,(anonymous_4)
FN:125,(anonymous_5)
FN:145,(anonymous_6)
FNF:6
FNH:6
FNDA:2,(anonymous_1)
FNDA:2,(anonymous_2)
FNDA:1,(anonymous_3)
FNDA:2,(anonymous_4)
FNDA:2,(anonymous_5)
FNDA:2,(anonymous_6)
DA:2,2
DA:6,2
DA:7,2
DA:13,2
DA:16,2
DA:18,2
DA:19,2
DA:21,2
DA:22,1
DA:27,1
DA:32,2
DA:67,1
DA:69,1
DA:98,2
DA:101,2
DA:102,2
DA:104,2
DA:105,1
DA:112,1
DA:117,1
DA:119,1
DA:125,2
DA:126,2
DA:127,2
DA:129,2
DA:130,1
DA:137,1
DA:138,1
DA:140,1
DA:145,2
DA:146,2
DA:147,2
DA:149,2
DA:150,1
DA:155,1
DA:156,1
LF:36
LH:36
BRDA:21,0,0,1
BRDA:21,0,1,1
BRDA:104,1,0,1
BRDA:104,1,1,1
BRDA:129,2,0,1
BRDA:129,2,1,1
BRDA:149,3,0,1
BRDA:149,3,1,1
BRF:8
BRH:8
end_of_record
TN:
SF:src/middleware/index.ts
FN:20,(anonymous_0)
FNF:1
FNH:1
FNDA:17,(anonymous_0)
DA:18,2
DA:20,2
DA:22,17
DA:23,17
DA:24,8
DA:28,9
LF:6
LH:6
BRDA:23,0,0,8
BRDA:23,0,1,9
BRF:2
BRH:2
end_of_record
TN:
SF:src/models/Product.model.ts
FNF:0
FNH:0
DA:6,3
DA:13,3
DA:17,3
DA:22,3
DA:28,3
DA:31,3
LF:6
LH:6
BRF:0
BRH:0
end_of_record
